0 info it worked if it ends with ok
1 verbose cli [ '/Users/jan/.nvm/v0.10.32/bin/node',
1 verbose cli   '/Users/jan/.nvm/v0.10.32/bin/npm',
1 verbose cli   'install' ]
2 info using npm@1.4.28
3 info using node@v0.10.32
4 verbose readDependencies using package.json deps
5 verbose install where, deps [ '/Volumes/Macintosh HD 2/Projects/NodeProjects/duplicatesongfinder',
5 verbose install   [ 'async',
5 verbose install     'color-log',
5 verbose install     'commander',
5 verbose install     'fs-extended',
5 verbose install     'node-watch',
5 verbose install     'q',
5 verbose install     'then-redis',
5 verbose install     'chai',
5 verbose install     'sinon',
5 verbose install     'sinon-chai',
5 verbose install     'grunt-contrib-jshint',
5 verbose install     'grunt-contrib-watch',
5 verbose install     'grunt-karma',
5 verbose install     'grunt-nodemon',
5 verbose install     'grunt',
5 verbose install     'grunt-exec',
5 verbose install     'grunt-mocha-test',
5 verbose install     'matchdep',
5 verbose install     'mv' ] ]
6 info preinstall duplicatesongfinder@0.0.2
7 verbose unsafe-perm in lifecycle true
8 verbose readDependencies using package.json deps
9 verbose already installed skipping chai@~1.9.0 /Volumes/Macintosh HD 2/Projects/NodeProjects/duplicatesongfinder
10 verbose already installed skipping sinon@~1.8.2 /Volumes/Macintosh HD 2/Projects/NodeProjects/duplicatesongfinder
11 verbose already installed skipping sinon-chai@~2.5.0 /Volumes/Macintosh HD 2/Projects/NodeProjects/duplicatesongfinder
12 verbose cache add [ 'grunt-contrib-jshint@~1.0.3', null ]
13 verbose cache add name=undefined spec="grunt-contrib-jshint@~1.0.3" args=["grunt-contrib-jshint@~1.0.3",null]
14 verbose parsed url { protocol: null,
14 verbose parsed url   slashes: null,
14 verbose parsed url   auth: null,
14 verbose parsed url   host: null,
14 verbose parsed url   port: null,
14 verbose parsed url   hostname: null,
14 verbose parsed url   hash: null,
14 verbose parsed url   search: null,
14 verbose parsed url   query: null,
14 verbose parsed url   pathname: 'grunt-contrib-jshint@~1.0.3',
14 verbose parsed url   path: 'grunt-contrib-jshint@~1.0.3',
14 verbose parsed url   href: 'grunt-contrib-jshint@~1.0.3' }
15 verbose already installed skipping grunt-contrib-watch@~0.5.3 /Volumes/Macintosh HD 2/Projects/NodeProjects/duplicatesongfinder
16 verbose cache add name="grunt-contrib-jshint" spec="~1.0.3" args=["grunt-contrib-jshint","~1.0.3"]
17 verbose parsed url { protocol: null,
17 verbose parsed url   slashes: null,
17 verbose parsed url   auth: null,
17 verbose parsed url   host: null,
17 verbose parsed url   port: null,
17 verbose parsed url   hostname: null,
17 verbose parsed url   hash: null,
17 verbose parsed url   search: null,
17 verbose parsed url   query: null,
17 verbose parsed url   pathname: '~1.0.3',
17 verbose parsed url   path: '~1.0.3',
17 verbose parsed url   href: '~1.0.3' }
18 verbose addNamed [ 'grunt-contrib-jshint', '~1.0.3' ]
19 verbose addNamed [ null, '>=1.0.3-0 <1.1.0-0' ]
20 verbose already installed skipping grunt-karma@~0.6.1 /Volumes/Macintosh HD 2/Projects/NodeProjects/duplicatesongfinder
21 silly lockFile 5a3a1e6d-grunt-contrib-jshint-1-0-3 grunt-contrib-jshint@~1.0.3
22 verbose lock grunt-contrib-jshint@~1.0.3 /Users/jan/.npm/5a3a1e6d-grunt-contrib-jshint-1-0-3.lock
23 verbose already installed skipping grunt-nodemon@~0.1.1 /Volumes/Macintosh HD 2/Projects/NodeProjects/duplicatesongfinder
24 silly addNameRange { name: 'grunt-contrib-jshint',
24 silly addNameRange   range: '>=1.0.3-0 <1.1.0-0',
24 silly addNameRange   hasData: false }
25 verbose already installed skipping grunt@~0.4 /Volumes/Macintosh HD 2/Projects/NodeProjects/duplicatesongfinder
26 verbose already installed skipping grunt-exec@~0.4.2 /Volumes/Macintosh HD 2/Projects/NodeProjects/duplicatesongfinder
27 verbose already installed skipping grunt-mocha-test@~0.8.1 /Volumes/Macintosh HD 2/Projects/NodeProjects/duplicatesongfinder
28 verbose already installed skipping matchdep@~0.3.0 /Volumes/Macintosh HD 2/Projects/NodeProjects/duplicatesongfinder
29 verbose request where is /grunt-contrib-jshint
30 verbose request registry https://registry.npmjs.org/
31 verbose request id 4047fb2ecbf46841
32 verbose url raw /grunt-contrib-jshint
33 verbose url resolving [ 'https://registry.npmjs.org/', './grunt-contrib-jshint' ]
34 verbose url resolved https://registry.npmjs.org/grunt-contrib-jshint
35 verbose request where is https://registry.npmjs.org/grunt-contrib-jshint
36 info trying registry request attempt 1 at 19:58:30
37 verbose etag "1E33P892091AFUP9LHMQLHMTY"
38 http GET https://registry.npmjs.org/grunt-contrib-jshint
39 verbose already installed skipping mv@~1.0.0 /Volumes/Macintosh HD 2/Projects/NodeProjects/duplicatesongfinder
40 verbose already installed skipping async@^0.9.0 /Volumes/Macintosh HD 2/Projects/NodeProjects/duplicatesongfinder
41 verbose already installed skipping color-log@0.0.2 /Volumes/Macintosh HD 2/Projects/NodeProjects/duplicatesongfinder
42 verbose already installed skipping commander@~2.5.0 /Volumes/Macintosh HD 2/Projects/NodeProjects/duplicatesongfinder
43 verbose already installed skipping fs-extended@~0.2.0 /Volumes/Macintosh HD 2/Projects/NodeProjects/duplicatesongfinder
44 verbose already installed skipping node-watch@~0.3.4 /Volumes/Macintosh HD 2/Projects/NodeProjects/duplicatesongfinder
45 verbose already installed skipping q@~1.1.2 /Volumes/Macintosh HD 2/Projects/NodeProjects/duplicatesongfinder
46 verbose already installed skipping then-redis@~0.3.10 /Volumes/Macintosh HD 2/Projects/NodeProjects/duplicatesongfinder
47 http 200 https://registry.npmjs.org/grunt-contrib-jshint
48 silly registry.get cb [ 200,
48 silly registry.get   { date: 'Tue, 09 Dec 2014 18:58:31 GMT',
48 silly registry.get     server: 'CouchDB/1.5.0 (Erlang OTP/R16B03)',
48 silly registry.get     etag: '"EJSPA5LPTLTTHZTOFSBK98L5F"',
48 silly registry.get     'content-type': 'application/json',
48 silly registry.get     'cache-control': 'max-age=60',
48 silly registry.get     'content-length': '51769',
48 silly registry.get     'accept-ranges': 'bytes',
48 silly registry.get     via: '1.1 varnish',
48 silly registry.get     age: '0',
48 silly registry.get     'x-served-by': 'cache-fra1243-FRA',
48 silly registry.get     'x-cache': 'HIT',
48 silly registry.get     'x-cache-hits': '1',
48 silly registry.get     'x-timer': 'S1418151511.223326,VS0,VE423',
48 silly registry.get     vary: 'Accept',
48 silly registry.get     'keep-alive': 'timeout=10, max=50',
48 silly registry.get     connection: 'Keep-Alive' } ]
49 silly addNameRange number 2 { name: 'grunt-contrib-jshint',
49 silly addNameRange   range: '>=1.0.3-0 <1.1.0-0',
49 silly addNameRange   hasData: true }
50 silly addNameRange versions [ 'grunt-contrib-jshint',
50 silly addNameRange   [ '0.1.0',
50 silly addNameRange     '0.1.1',
50 silly addNameRange     '0.2.0',
50 silly addNameRange     '0.3.0',
50 silly addNameRange     '0.4.0',
50 silly addNameRange     '0.4.1',
50 silly addNameRange     '0.4.2',
50 silly addNameRange     '0.4.3',
50 silly addNameRange     '0.5.0',
50 silly addNameRange     '0.5.1',
50 silly addNameRange     '0.5.2',
50 silly addNameRange     '0.5.3',
50 silly addNameRange     '0.5.4',
50 silly addNameRange     '0.6.0',
50 silly addNameRange     '0.6.1',
50 silly addNameRange     '0.6.2',
50 silly addNameRange     '0.6.3',
50 silly addNameRange     '0.6.4',
50 silly addNameRange     '0.6.5',
50 silly addNameRange     '0.7.0',
50 silly addNameRange     '0.7.1',
50 silly addNameRange     '0.7.2',
50 silly addNameRange     '0.8.0',
50 silly addNameRange     '0.9.0',
50 silly addNameRange     '0.9.1',
50 silly addNameRange     '0.9.2',
50 silly addNameRange     '0.10.0',
50 silly addNameRange     '0.1.1-rc5',
50 silly addNameRange     '0.1.1-rc6' ] ]
51 silly lockFile 5a3a1e6d-grunt-contrib-jshint-1-0-3 grunt-contrib-jshint@~1.0.3
52 silly lockFile 5a3a1e6d-grunt-contrib-jshint-1-0-3 grunt-contrib-jshint@~1.0.3
53 error notarget No compatible version found: grunt-contrib-jshint@'>=1.0.3-0 <1.1.0-0'
53 error notarget Valid install targets:
53 error notarget ["0.1.0","0.1.1","0.2.0","0.3.0","0.4.0","0.4.1","0.4.2","0.4.3","0.5.0","0.5.1","0.5.2","0.5.3","0.5.4","0.6.0","0.6.1","0.6.2","0.6.3","0.6.4","0.6.5","0.7.0","0.7.1","0.7.2","0.8.0","0.9.0","0.9.1","0.9.2","0.10.0","0.1.1-rc5","0.1.1-rc6"]
53 error notarget
53 error notarget This is most likely not a problem with npm itself.
53 error notarget In most cases you or one of your dependencies are requesting
53 error notarget a package version that doesn't exist.
54 error System Darwin 14.0.0
55 error command "/Users/jan/.nvm/v0.10.32/bin/node" "/Users/jan/.nvm/v0.10.32/bin/npm" "install"
56 error cwd /Volumes/Macintosh HD 2/Projects/NodeProjects/duplicatesongfinder
57 error node -v v0.10.32
58 error npm -v 1.4.28
59 error code ETARGET
60 verbose exit [ 1, true ]
